生成启动时间为 5/30/2015 9:39:59 PM。
     1>项目“C:\Users\Vanny\Documents\Visual Studio 2010\Projects\Demo\csdn\Markdown\Pat2015S\Pat2015S.vcxproj”在节点 2 上(ClCompile 个目标)。
     1>ClCompile:
         C:\Program Files (x86)\Microsoft Visual Studio 10.0\VC\bin\CL.exe /c /ZI /nologo /W3 /WX- /Od /Oy- /D WIN32 /D _DEBUG /D _CONSOLE /D _MBCS /Gm /EHsc /RTC1 /MDd /GS /fp:precise /Zc:wchar_t /Zc:forScope /Fo"Debug\\" /Fd"Debug\vc100.pdb" /Gd /TP /analyze- /errorReport:prompt template_code.cpp
         template_code.cpp
     1>c:\users\vanny\documents\visual studio 2010\projects\demo\csdn\markdown\pat2015s\template_code.cpp(78): warning C4018: “<”: 有符号/无符号不匹配
     1>c:\users\vanny\documents\visual studio 2010\projects\demo\csdn\markdown\pat2015s\template_code.cpp(110): warning C4018: “<”: 有符号/无符号不匹配
     1>c:\users\vanny\documents\visual studio 2010\projects\demo\csdn\markdown\pat2015s\template_code.cpp(124): warning C4996: 'scanf': This function or variable may be unsafe. Consider using scanf_s instead. To disable deprecation, use _CRT_SECURE_NO_WARNINGS. See online help for details.
                 c:\program files (x86)\microsoft visual studio 10.0\vc\include\stdio.h(304) : 参见“scanf”的声明
     1>c:\users\vanny\documents\visual studio 2010\projects\demo\csdn\markdown\pat2015s\template_code.cpp(118): warning C4101: “j”: 未引用的局部变量
     1>c:\users\vanny\documents\visual studio 2010\projects\demo\csdn\markdown\pat2015s\template_code.cpp(149): warning C4996: 'freopen': This function or variable may be unsafe. Consider using freopen_s instead. To disable deprecation, use _CRT_SECURE_NO_WARNINGS. See online help for details.
                 c:\program files (x86)\microsoft visual studio 10.0\vc\include\stdio.h(249) : 参见“freopen”的声明
     1>c:\users\vanny\documents\visual studio 2010\projects\demo\csdn\markdown\pat2015s\template_code.cpp(153): warning C4996: 'scanf': This function or variable may be unsafe. Consider using scanf_s instead. To disable deprecation, use _CRT_SECURE_NO_WARNINGS. See online help for details.
                 c:\program files (x86)\microsoft visual studio 10.0\vc\include\stdio.h(304) : 参见“scanf”的声明
     1>c:\users\vanny\documents\visual studio 2010\projects\demo\csdn\markdown\pat2015s\template_code.cpp(188): warning C4554: “>>”: 检查运算符优先级可能存在的错误；使用圆括号阐明优先级
     1>c:\users\vanny\documents\visual studio 2010\projects\demo\csdn\markdown\pat2015s\template_code.cpp(203): warning C4554: “>>”: 检查运算符优先级可能存在的错误；使用圆括号阐明优先级
     1>c:\users\vanny\documents\visual studio 2010\projects\demo\csdn\markdown\pat2015s\template_code.cpp(196): warning C4715: “binary_search”: 不是所有的控件路径都返回值
     1>已完成生成项目“C:\Users\Vanny\Documents\Visual Studio 2010\Projects\Demo\csdn\Markdown\Pat2015S\Pat2015S.vcxproj”(ClCompile 个目标)的操作。

生成成功。

已用时间 00:00:00.42
