C:\USERS\VANNY\DOCUMENTS\VISUAL STUDIO 2010\PROJECTS\DEMO\CSDN\MARKDOWN\PAT2015S\DEBUG\00_ARRAY_RIGHTSHIFT.OBJ
C:\USERS\VANNY\DOCUMENTS\VISUAL STUDIO 2010\PROJECTS\DEMO\CSDN\MARKDOWN\PAT2015S\DEBUG\00_NUM_PERMUTATION.OBJ
C:\USERS\VANNY\DOCUMENTS\VISUAL STUDIO 2010\PROJECTS\DEMO\CSDN\MARKDOWN\PAT2015S\DEBUG\00_SHALOU.OBJ
C:\USERS\VANNY\DOCUMENTS\VISUAL STUDIO 2010\PROJECTS\DEMO\CSDN\MARKDOWN\PAT2015S\DEBUG\00_SUSHUDUI.OBJ
C:\Users\Vanny\Documents\Visual Studio 2010\Projects\Demo\csdn\Markdown\Pat2015S\Debug\cl.command.1.tlog
C:\Users\Vanny\Documents\Visual Studio 2010\Projects\Demo\csdn\Markdown\Pat2015S\Debug\CL.read.1.tlog
C:\Users\Vanny\Documents\Visual Studio 2010\Projects\Demo\csdn\Markdown\Pat2015S\Debug\CL.write.1.tlog
C:\Users\Vanny\Documents\Visual Studio 2010\Projects\Demo\csdn\Markdown\Pat2015S\Debug\link.1324.read.1.tlog
C:\Users\Vanny\Documents\Visual Studio 2010\Projects\Demo\csdn\Markdown\Pat2015S\Debug\link.1324.write.1.tlog
C:\Users\Vanny\Documents\Visual Studio 2010\Projects\Demo\csdn\Markdown\Pat2015S\Debug\link.1324-cvtres.read.1.tlog
C:\Users\Vanny\Documents\Visual Studio 2010\Projects\Demo\csdn\Markdown\Pat2015S\Debug\link.1324-cvtres.write.1.tlog
C:\Users\Vanny\Documents\Visual Studio 2010\Projects\Demo\csdn\Markdown\Pat2015S\Debug\link.4692.read.1.tlog
C:\Users\Vanny\Documents\Visual Studio 2010\Projects\Demo\csdn\Markdown\Pat2015S\Debug\link.4692.write.1.tlog
C:\Users\Vanny\Documents\Visual Studio 2010\Projects\Demo\csdn\Markdown\Pat2015S\Debug\link.4692-cvtres.read.1.tlog
C:\Users\Vanny\Documents\Visual Studio 2010\Projects\Demo\csdn\Markdown\Pat2015S\Debug\link.4692-cvtres.write.1.tlog
C:\Users\Vanny\Documents\Visual Studio 2010\Projects\Demo\csdn\Markdown\Pat2015S\Debug\link.5252.read.1.tlog
C:\Users\Vanny\Documents\Visual Studio 2010\Projects\Demo\csdn\Markdown\Pat2015S\Debug\link.5252.write.1.tlog
C:\Users\Vanny\Documents\Visual Studio 2010\Projects\Demo\csdn\Markdown\Pat2015S\Debug\link.5252-cvtres.read.1.tlog
C:\Users\Vanny\Documents\Visual Studio 2010\Projects\Demo\csdn\Markdown\Pat2015S\Debug\link.5252-cvtres.write.1.tlog
C:\Users\Vanny\Documents\Visual Studio 2010\Projects\Demo\csdn\Markdown\Pat2015S\Debug\link.5916.read.1.tlog
C:\Users\Vanny\Documents\Visual Studio 2010\Projects\Demo\csdn\Markdown\Pat2015S\Debug\link.5916.write.1.tlog
C:\Users\Vanny\Documents\Visual Studio 2010\Projects\Demo\csdn\Markdown\Pat2015S\Debug\link.5916-cvtres.read.1.tlog
C:\Users\Vanny\Documents\Visual Studio 2010\Projects\Demo\csdn\Markdown\Pat2015S\Debug\link.5916-cvtres.write.1.tlog
C:\Users\Vanny\Documents\Visual Studio 2010\Projects\Demo\csdn\Markdown\Pat2015S\Debug\link.6520.read.1.tlog
C:\Users\Vanny\Documents\Visual Studio 2010\Projects\Demo\csdn\Markdown\Pat2015S\Debug\link.6520.write.1.tlog
C:\Users\Vanny\Documents\Visual Studio 2010\Projects\Demo\csdn\Markdown\Pat2015S\Debug\link.6520-cvtres.read.1.tlog
C:\Users\Vanny\Documents\Visual Studio 2010\Projects\Demo\csdn\Markdown\Pat2015S\Debug\link.6520-cvtres.write.1.tlog
C:\Users\Vanny\Documents\Visual Studio 2010\Projects\Demo\csdn\Markdown\Pat2015S\Debug\link.7040.read.1.tlog
C:\Users\Vanny\Documents\Visual Studio 2010\Projects\Demo\csdn\Markdown\Pat2015S\Debug\link.7040.write.1.tlog
C:\Users\Vanny\Documents\Visual Studio 2010\Projects\Demo\csdn\Markdown\Pat2015S\Debug\link.7040-cvtres.read.1.tlog
C:\Users\Vanny\Documents\Visual Studio 2010\Projects\Demo\csdn\Markdown\Pat2015S\Debug\link.7040-cvtres.write.1.tlog
C:\Users\Vanny\Documents\Visual Studio 2010\Projects\Demo\csdn\Markdown\Pat2015S\Debug\link.7632.read.1.tlog
C:\Users\Vanny\Documents\Visual Studio 2010\Projects\Demo\csdn\Markdown\Pat2015S\Debug\link.7632.write.1.tlog
C:\Users\Vanny\Documents\Visual Studio 2010\Projects\Demo\csdn\Markdown\Pat2015S\Debug\link.7632-cvtres.read.1.tlog
C:\Users\Vanny\Documents\Visual Studio 2010\Projects\Demo\csdn\Markdown\Pat2015S\Debug\link.7632-cvtres.write.1.tlog
C:\Users\Vanny\Documents\Visual Studio 2010\Projects\Demo\csdn\Markdown\Pat2015S\Debug\link.command.1.tlog
C:\Users\Vanny\Documents\Visual Studio 2010\Projects\Demo\csdn\Markdown\Pat2015S\Debug\link.read.1.tlog
C:\Users\Vanny\Documents\Visual Studio 2010\Projects\Demo\csdn\Markdown\Pat2015S\Debug\link.write.1.tlog
C:\Users\Vanny\Documents\Visual Studio 2010\Projects\Demo\csdn\Markdown\Pat2015S\Debug\link-cvtres.read.1.tlog
C:\Users\Vanny\Documents\Visual Studio 2010\Projects\Demo\csdn\Markdown\Pat2015S\Debug\link-cvtres.write.1.tlog
C:\USERS\VANNY\DOCUMENTS\VISUAL STUDIO 2010\PROJECTS\DEMO\CSDN\MARKDOWN\PAT2015S\DEBUG\MAIN.OBJ
C:\Users\Vanny\Documents\Visual Studio 2010\Projects\Demo\csdn\Markdown\Pat2015S\Debug\mt.command.1.tlog
C:\Users\Vanny\Documents\Visual Studio 2010\Projects\Demo\csdn\Markdown\Pat2015S\Debug\mt.read.1.tlog
C:\Users\Vanny\Documents\Visual Studio 2010\Projects\Demo\csdn\Markdown\Pat2015S\Debug\mt.write.1.tlog
C:\USERS\VANNY\DOCUMENTS\VISUAL STUDIO 2010\PROJECTS\DEMO\CSDN\MARKDOWN\PAT2015S\DEBUG\PAT2015S.EXE.EMBED.MANIFEST
C:\USERS\VANNY\DOCUMENTS\VISUAL STUDIO 2010\PROJECTS\DEMO\CSDN\MARKDOWN\PAT2015S\DEBUG\PAT2015S.EXE.EMBED.MANIFEST.RES
C:\USERS\VANNY\DOCUMENTS\VISUAL STUDIO 2010\PROJECTS\DEMO\CSDN\MARKDOWN\PAT2015S\DEBUG\PAT2015S.EXE.INTERMEDIATE.MANIFEST
C:\USERS\VANNY\DOCUMENTS\VISUAL STUDIO 2010\PROJECTS\DEMO\CSDN\MARKDOWN\PAT2015S\DEBUG\PAT2015S.OBJ
C:\USERS\VANNY\DOCUMENTS\VISUAL STUDIO 2010\PROJECTS\DEMO\CSDN\MARKDOWN\PAT2015S\DEBUG\PAT2015S.PCH
C:\Users\Vanny\Documents\Visual Studio 2010\Projects\Demo\csdn\Markdown\Pat2015S\Debug\Pat2015S.vcxprojResolveAssemblyReference.cache
C:\Users\Vanny\Documents\Visual Studio 2010\Projects\Demo\csdn\Markdown\Pat2015S\Debug\Pat2015S.write.1.tlog
C:\Users\Vanny\Documents\Visual Studio 2010\Projects\Demo\csdn\Markdown\Pat2015S\Debug\Pat2015S_manifest.rc
C:\USERS\VANNY\DOCUMENTS\VISUAL STUDIO 2010\PROJECTS\DEMO\CSDN\MARKDOWN\PAT2015S\DEBUG\PAT2015SPRING_1_SHALOU.OBJ
C:\Users\Vanny\Documents\Visual Studio 2010\Projects\Demo\csdn\Markdown\Pat2015S\Debug\rc.command.1.tlog
C:\Users\Vanny\Documents\Visual Studio 2010\Projects\Demo\csdn\Markdown\Pat2015S\Debug\rc.read.1.tlog
C:\Users\Vanny\Documents\Visual Studio 2010\Projects\Demo\csdn\Markdown\Pat2015S\Debug\rc.write.1.tlog
C:\USERS\VANNY\DOCUMENTS\VISUAL STUDIO 2010\PROJECTS\DEMO\CSDN\MARKDOWN\PAT2015S\DEBUG\STDAFX.OBJ
C:\Users\Vanny\Documents\Visual Studio 2010\Projects\Demo\csdn\Markdown\Pat2015S\Debug\vc100.idb
C:\USERS\VANNY\DOCUMENTS\VISUAL STUDIO 2010\PROJECTS\DEMO\CSDN\MARKDOWN\PAT2015S\DEBUG\VC100.PDB
C:\USERS\VANNY\DOCUMENTS\VISUAL STUDIO 2010\PROJECTS\DEMO\DEBUG\PAT2015S.EXE
C:\USERS\VANNY\DOCUMENTS\VISUAL STUDIO 2010\PROJECTS\DEMO\DEBUG\PAT2015S.ILK
C:\USERS\VANNY\DOCUMENTS\VISUAL STUDIO 2010\PROJECTS\DEMO\DEBUG\PAT2015S.PDB
